********************************************
Fecha y Hora: 07/12/2020 06:26:13 a. m.
	Codigo: 3
	Precio: $120
	Nombre: Pincel
	Marca: Escoda

Total: $120
********************************************

********************************************
Fecha y Hora: 07/12/2020 06:27:03 a. m.
	Codigo: 1017
	Precio: $22
	Nombre: Pintura
	Marca: aaa

Total: $22
********************************************

********************************************
Fecha y Hora: 07/12/2020 06:46:09 a. m.
	Codigo: 7
	Precio: $300
	Nombre: Pincel
	Marca: DaVinci

Total: $300
********************************************

********************************************
Fecha y Hora: 07/12/2020 06:46:32 a. m.
	Codigo: 7
	Precio: $300
	Nombre: Pincel
	Marca: DaVinci

Total: $300
********************************************

********************************************
Fecha y Hora: 07/12/2020 06:47:42 a. m.
	Codigo: 5
	Precio: $250
	Nombre: Pincel
	Marca: Arteza

Total: $250
********************************************

********************************************
Fecha y Hora: 07/12/2020 06:49:04 a. m.
	Codigo: 3
	Precio: $120
	Nombre: Pincel
	Marca: Escoda

Total: $120
********************************************

********************************************
Fecha y Hora: 07/12/2020 06:50:14 a. m.
	Codigo: 8
	Precio: $400
	Nombre: Pintura
	Marca: Alba

Total: $400
********************************************

********************************************
Fecha y Hora: 07/12/2020 06:50:22 a. m.
	Codigo: 9
	Precio: $600
	Nombre: Pintura
	Marca: Winsor&Newton

Total: $600
********************************************

