	Codigo: 3
	Precio: $120
	Nombre: Pincel
	Marca: Escoda

*************************************************


	Codigo: 1017
	Precio: $22
	Nombre: Pintura
	Marca: aaa

*************************************************


	Codigo: 7
	Precio: $300
	Nombre: Pincel
	Marca: DaVinci

*************************************************


	Codigo: 7
	Precio: $300
	Nombre: Pincel
	Marca: DaVinci

*************************************************


	Codigo: 5
	Precio: $250
	Nombre: Pincel
	Marca: Arteza

*************************************************


	Codigo: 3
	Precio: $120
	Nombre: Pincel
	Marca: Escoda

*************************************************


	Codigo: 8
	Precio: $400
	Nombre: Pintura
	Marca: Alba

*************************************************


	Codigo: 9
	Precio: $600
	Nombre: Pintura
	Marca: Winsor&Newton

*************************************************


